
/home/runner/work/exp-eigenanalysis-powers-method-iitb/exp-eigenanalysis-powers-method-iitb/experiment/simulation/common_libraries/js/ts_components/collapse_step.js
   1:10  warning  'show_step' is defined but never used                 no-unused-vars
   2:5   warning  '$' is not defined                                    no-undef
   3:9   warning  '$' is not defined                                    no-undef
   6:10  warning  'hide_step' is defined but never used                 no-unused-vars
   7:5   warning  '$' is not defined                                    no-undef
   8:9   warning  '$' is not defined                                    no-undef
  11:10  warning  'get_collapse_btn_text' is defined but never used     no-unused-vars
  20:10  warning  'get_collapse_btn_element' is defined but never used  no-unused-vars
  29:10  warning  'hide_all_steps' is defined but never used            no-unused-vars
  31:9   warning  '$' is not defined                                    no-undef

/home/runner/work/exp-eigenanalysis-powers-method-iitb/exp-eigenanalysis-powers-method-iitb/experiment/simulation/common_libraries/js/ts_components/matrix.js
   27:26  warning  'MathJax' is not defined                                no-undef
   32:7   warning  'Matrix_Without_String' is defined but never used       no-unused-vars
   52:26  warning  'MathJax' is not defined                                no-undef
   56:10  warning  'get_matrix_html' is defined but never used             no-unused-vars
   87:13  warning  'row_html' is assigned a value but never used           no-unused-vars
   99:10  warning  'get_matrix_html_with_title' is defined but never used  no-unused-vars
  131:13  warning  'row_html' is assigned a value but never used           no-unused-vars
  143:10  warning  'convert_2d_to_1d_vector' is defined but never used     no-unused-vars
  156:10  warning  'convert_1d_to_2d_matrix' is defined but never used     no-unused-vars

/home/runner/work/exp-eigenanalysis-powers-method-iitb/exp-eigenanalysis-powers-method-iitb/experiment/simulation/common_libraries/js/ts_components/pannel.js
  8:7  warning  'Pannel' is defined but never used  no-unused-vars

/home/runner/work/exp-eigenanalysis-powers-method-iitb/exp-eigenanalysis-powers-method-iitb/experiment/simulation/common_libraries/js/ts_components/questions.js
   6:17  warning  'op1' is assigned a value but never used      no-unused-vars
   7:17  warning  'op2' is assigned a value but never used      no-unused-vars
   8:17  warning  'op3' is assigned a value but never used      no-unused-vars
   9:17  warning  'op4' is assigned a value but never used      no-unused-vars
  94:7   warning  'Question_Options' is defined but never used  no-unused-vars

/home/runner/work/exp-eigenanalysis-powers-method-iitb/exp-eigenanalysis-powers-method-iitb/experiment/simulation/common_libraries/js/ts_components/tables.js
   19:22  warning  'verify_values' is not defined                                     no-undef
  137:22  warning  'verify_values' is not defined                                     no-undef
  260:7   warning  'Verify_Rows_Cols_6_decimal_places' is defined but never used      no-unused-vars
  311:22  warning  'verify_values' is not defined                                     no-undef
  416:7   warning  'Verify_Rows_Cols_Custom_Fixed_Update1' is defined but never used  no-unused-vars
  468:7   warning  'Show_Table_Custom_Fixed' is defined but never used                no-unused-vars
  506:7   warning  'Verify_Rows_Cols_Strings' is defined but never used               no-unused-vars
  527:22  warning  'verify_values' is not defined                                     no-undef
  663:7   warning  'Display_Table' is defined but never used                          no-unused-vars

/home/runner/work/exp-eigenanalysis-powers-method-iitb/exp-eigenanalysis-powers-method-iitb/experiment/simulation/common_libraries/js/ts_math_library/general_math_functions.js
    1:10  warning  'verify_values' is defined but never used                   no-unused-vars
   17:10  warning  'random1' is defined but never used                         no-unused-vars
   21:10  warning  'std_deviation' is defined but never used                   no-unused-vars
   26:10  warning  'gauss' is defined but never used                           no-unused-vars
   56:10  warning  'hide_panel' is defined but never used                      no-unused-vars
   63:10  warning  'inverse_matrix' is defined but never used                  no-unused-vars
   96:10  warning  'matrix_multiplication' is defined but never used           no-unused-vars
  113:10  warning  'transpose_matrix' is defined but never used                no-unused-vars
  123:10  warning  'matrix_multiplication_8decimal' is defined but never used  no-unused-vars
  140:10  warning  'adjoint_2x2_matrix' is defined but never used              no-unused-vars
  145:10  warning  'find_deteminant' is defined but never used                 no-unused-vars
  174:10  warning  'get_Submatrix' is defined but never used                   no-unused-vars

/home/runner/work/exp-eigenanalysis-powers-method-iitb/exp-eigenanalysis-powers-method-iitb/experiment/simulation/common_libraries/js/ts_math_library/regression.js
   1:10  warning  'regression_linear' is defined but never used            no-unused-vars
  18:10  warning  'regression_linear_1variable' is defined but never used  no-unused-vars
  27:10  warning  'regression_linear_2variable' is defined but never used  no-unused-vars
  52:11  warning  'gauss' is not defined                                   no-undef

/home/runner/work/exp-eigenanalysis-powers-method-iitb/exp-eigenanalysis-powers-method-iitb/experiment/simulation/common_libraries/math.ob.js
  1:745  warning  'b' is already defined  no-redeclare

/home/runner/work/exp-eigenanalysis-powers-method-iitb/exp-eigenanalysis-powers-method-iitb/experiment/simulation/js/activity1.js
   14:9   warning  'MathJax' is not defined                           no-undef
   18:10  warning  'start_act1' is defined but never used             no-unused-vars
   23:20  warning  'get_collapse_btn_text' is not defined             no-undef
   99:20  warning  'Matrix_Without_String' is not defined             no-undef
   99:46  warning  'table_data1' is not defined                       no-undef
  101:20  warning  'Matrix_Without_String' is not defined             no-undef
  101:46  warning  'table_data1' is not defined                       no-undef
  105:9   warning  'MathJax' is not defined                           no-undef
  108:9   warning  'show_step' is not defined                         no-undef
  111:10  warning  'iteration1_verify1' is defined but never used     no-unused-vars
  112:17  warning  'eigenVector' is not defined                       no-undef
  113:17  warning  'resultVector' is not defined                      no-undef
  116:14  warning  'verify_values' is not defined                     no-undef
  116:51  warning  'eigenVector' is not defined                       no-undef
  128:14  warning  'verify_values' is not defined                     no-undef
  128:51  warning  'resultVector' is not defined                      no-undef
  153:15  warning  'eigenVector' is not defined                       no-undef
  154:15  warning  'eigenVector' is not defined                       no-undef
  155:15  warning  'eigenVector' is not defined                       no-undef
  161:15  warning  'resultVector' is not defined                      no-undef
  162:15  warning  'resultVector' is not defined                      no-undef
  163:15  warning  'resultVector' is not defined                      no-undef
  170:9   warning  'MathJax' is not defined                           no-undef
  174:5   warning  'k' is not defined                                 no-undef
  174:9   warning  'random1' is not defined                           no-undef
  175:17  warning  'k' is not defined                                 no-undef
  176:5   warning  'resultVector' is not defined                      no-undef
  177:5   warning  'table_data1' is not defined                       no-undef
  178:10  warning  'k' is not defined                                 no-undef
  178:14  warning  'k' is not defined                                 no-undef
  179:11  warning  'k' is not defined                                 no-undef
  179:18  warning  'k' is not defined                                 no-undef
  179:22  warning  'k' is not defined                                 no-undef
  180:14  warning  'k' is not defined                                 no-undef
  180:21  warning  'k' is not defined                                 no-undef
  182:5   warning  'resultVector' is not defined                      no-undef
  182:20  warning  'matrix_multiplication' is not defined             no-undef
  182:42  warning  'table_data1' is not defined                       no-undef
  182:55  warning  'convert_1d_to_2d_matrix' is not defined           no-undef
  182:79  warning  'eigenVector' is not defined                       no-undef
  183:17  warning  'table_data1' is not defined                       no-undef
  184:17  warning  'resultVector' is not defined                      no-undef
  186:10  warning  'internal_calculation2' is defined but never used  no-unused-vars
  190:5   warning  'eigenValues' is not defined                       no-undef
  190:41  warning  'convert_2d_to_1d_vector' is not defined           no-undef
  190:65  warning  'resultVector' is not defined                      no-undef
  191:5   warning  'eigenVector' is not defined                       no-undef
  191:19  warning  'resultVector' is not defined                      no-undef
  192:27  warning  'eigenValues' is not defined                       no-undef
  194:5   warning  'eigenVectors' is not defined                      no-undef
  194:23  warning  'eigenVector' is not defined                       no-undef
  195:17  warning  'eigenValues' is not defined                       no-undef
  196:17  warning  'eigenVectors' is not defined                      no-undef
  239:19  warning  'Matrix_Without_String' is not defined             no-undef
  239:45  warning  'resultVector' is not defined                      no-undef
  242:10  warning  'iteration1_verify2' is defined but never used     no-unused-vars
  244:17  warning  'eigenValues' is not defined                       no-undef
  245:17  warning  'eigenVectors' is not defined                      no-undef
  246:10  warning  'verify_values' is not defined                     no-undef
  246:54  warning  'eigenValues' is not defined                       no-undef
  257:14  warning  'verify_values' is not defined                     no-undef
  257:51  warning  'eigenVector' is not defined                       no-undef
  274:15  warning  'resultVector' is not defined                      no-undef
  275:15  warning  'resultVector' is not defined                      no-undef
  276:15  warning  'resultVector' is not defined                      no-undef
  280:15  warning  'eigenValues' is not defined                       no-undef
  282:15  warning  'eigenVector' is not defined                       no-undef
  283:15  warning  'eigenVector' is not defined                       no-undef
  284:15  warning  'eigenVector' is not defined                       no-undef
  291:9   warning  'MathJax' is not defined                           no-undef

/home/runner/work/exp-eigenanalysis-powers-method-iitb/exp-eigenanalysis-powers-method-iitb/experiment/simulation/js/activity1_p1.js
    1:10  warning  'activity1_p1' is defined but never used           no-unused-vars
    5:20  warning  'get_collapse_btn_text' is not defined             no-undef
   69:5   warning  'maindiv' is not defined                           no-undef
   71:19  warning  'Matrix_Without_String' is not defined             no-undef
   71:45  warning  'table_data1' is not defined                       no-undef
   75:9   warning  'MathJax' is not defined                           no-undef
   78:9   warning  'show_step' is not defined                         no-undef
   81:10  warning  'iteration2_verify1' is defined but never used     no-unused-vars
   82:17  warning  'eigenVector' is not defined                       no-undef
   83:17  warning  'resultVector' is not defined                      no-undef
   86:14  warning  'verify_values' is not defined                     no-undef
   86:51  warning  'eigenVector' is not defined                       no-undef
   98:14  warning  'verify_values' is not defined                     no-undef
   98:51  warning  'resultVector' is not defined                      no-undef
  123:15  warning  'eigenVector' is not defined                       no-undef
  124:15  warning  'eigenVector' is not defined                       no-undef
  125:15  warning  'eigenVector' is not defined                       no-undef
  131:15  warning  'resultVector' is not defined                      no-undef
  132:15  warning  'resultVector' is not defined                      no-undef
  133:15  warning  'resultVector' is not defined                      no-undef
  140:9   warning  'MathJax' is not defined                           no-undef
  144:17  warning  'k' is not defined                                 no-undef
  145:5   warning  'resultVector' is not defined                      no-undef
  151:5   warning  'resultVector' is not defined                      no-undef
  151:20  warning  'matrix_multiplication' is not defined             no-undef
  151:42  warning  'table_data1' is not defined                       no-undef
  151:55  warning  'convert_1d_to_2d_matrix' is not defined           no-undef
  151:79  warning  'eigenVector' is not defined                       no-undef
  152:17  warning  'table_data1' is not defined                       no-undef
  153:17  warning  'resultVector' is not defined                      no-undef
  155:10  warning  'internal_calculation4' is defined but never used  no-unused-vars
  159:5   warning  'eigenValues' is not defined                       no-undef
  159:22  warning  'getMaxAbsFromArray' is not defined                no-undef
  159:41  warning  'convert_2d_to_1d_vector' is not defined           no-undef
  159:65  warning  'resultVector' is not defined                      no-undef
  160:5   warning  'eigenVector' is not defined                       no-undef
  160:19  warning  'resultVector' is not defined                      no-undef
  161:27  warning  'eigenValues' is not defined                       no-undef
  163:5   warning  'eigenVectors' is not defined                      no-undef
  163:23  warning  'eigenVector' is not defined                       no-undef
  164:17  warning  'eigenValues' is not defined                       no-undef
  165:17  warning  'eigenVectors' is not defined                      no-undef
  208:19  warning  'Matrix_Without_String' is not defined             no-undef
  208:45  warning  'resultVector' is not defined                      no-undef
  211:10  warning  'iteration2_verify2' is defined but never used     no-unused-vars
  213:17  warning  'eigenValues' is not defined                       no-undef
  214:17  warning  'eigenVectors' is not defined                      no-undef
  215:10  warning  'verify_values' is not defined                     no-undef
  215:54  warning  'eigenValues' is not defined                       no-undef
  226:14  warning  'verify_values' is not defined                     no-undef
  226:51  warning  'eigenVector' is not defined                       no-undef
  243:15  warning  'resultVector' is not defined                      no-undef
  244:15  warning  'resultVector' is not defined                      no-undef
  245:15  warning  'resultVector' is not defined                      no-undef
  249:15  warning  'eigenValues' is not defined                       no-undef
  251:15  warning  'eigenVector' is not defined                       no-undef
  252:15  warning  'eigenVector' is not defined                       no-undef
  253:15  warning  'eigenVector' is not defined                       no-undef
  260:9   warning  'MathJax' is not defined                           no-undef
  263:10  warning  'internal_calculation5' is defined but never used  no-unused-vars
  265:9   warning  'resultVector' is not defined                      no-undef
  266:9   warning  'resultVector' is not defined                      no-undef
  266:24  warning  'matrix_multiplication' is not defined             no-undef
  266:46  warning  'table_data1' is not defined                       no-undef
  266:59  warning  'convert_1d_to_2d_matrix' is not defined           no-undef
  266:83  warning  'eigenVector' is not defined                       no-undef
  267:9   warning  'eigenValues' is not defined                       no-undef
  267:26  warning  'getMaxAbsFromArray' is not defined                no-undef
  267:45  warning  'convert_2d_to_1d_vector' is not defined           no-undef
  267:69  warning  'resultVector' is not defined                      no-undef
  268:9   warning  'eigenVector' is not defined                       no-undef
  268:23  warning  'resultVector' is not defined                      no-undef
  269:31  warning  'eigenValues' is not defined                       no-undef
  271:9   warning  'eigenVectors' is not defined                      no-undef
  271:27  warning  'eigenVector' is not defined                       no-undef
  300:25  warning  'eigenValues' is not defined                       no-undef
  303:85  warning  'eigenValues' is not defined                       no-undef
  312:23  warning  'Matrix_Without_String' is not defined             no-undef
  312:49  warning  'convert_1d_to_2d_matrix' is not defined           no-undef
  312:73  warning  'eigenVectors' is not defined                      no-undef
  316:10  warning  'act1_complete' is defined but never used          no-unused-vars

/home/runner/work/exp-eigenanalysis-powers-method-iitb/exp-eigenanalysis-powers-method-iitb/experiment/simulation/js/data.js
   1:5  warning  'k' is assigned a value but never used             no-unused-vars
   2:5  warning  'table_data1' is assigned a value but never used   no-unused-vars
   7:5  warning  'eigenVector' is assigned a value but never used   no-unused-vars
   8:5  warning  'resultVector' is assigned a value but never used  no-unused-vars
   9:5  warning  'eigenValues' is assigned a value but never used   no-unused-vars
  10:5  warning  'eigenVectors' is assigned a value but never used  no-unused-vars

/home/runner/work/exp-eigenanalysis-powers-method-iitb/exp-eigenanalysis-powers-method-iitb/experiment/simulation/js/screen_size.js
  1:10  warning  'set_screen_size' is defined but never used  no-unused-vars

✖ 209 problems (0 errors, 209 warnings)

